<?xml version="1.0" encoding="UTF-8"?>
<testsuite xmlns:xsi="http://www.w3.org/2001/XMLSchema-instance" xsi:noNamespaceSchemaLocation="https://maven.apache.org/surefire/maven-surefire-plugin/xsd/surefire-test-report.xsd" name="com.waltwang.maivc.MaivcApplicationTests" time="3.779" tests="3" errors="0" skipped="0" failures="0">
  <properties>
    <property name="java.specification.version" value="18"/>
    <property name="sun.cpu.isalist" value="amd64"/>
    <property name="sun.jnu.encoding" value="GBK"/>
    <property name="java.class.path" value="C:\0dev\final\kidsgpt-proj\maivc\target\test-classes;C:\0dev\final\kidsgpt-proj\maivc\target\classes;D:\java-coach\local-mvn-repository\org\springframework\boot\spring-boot-starter-data-jpa\2.7.7\spring-boot-starter-data-jpa-2.7.7.jar;D:\java-coach\local-mvn-repository\org\springframework\boot\spring-boot-starter-aop\2.7.7\spring-boot-starter-aop-2.7.7.jar;D:\java-coach\local-mvn-repository\org\aspectj\aspectjweaver\1.9.7\aspectjweaver-1.9.7.jar;D:\java-coach\local-mvn-repository\org\springframework\boot\spring-boot-starter-jdbc\2.7.7\spring-boot-starter-jdbc-2.7.7.jar;D:\java-coach\local-mvn-repository\com\zaxxer\HikariCP\4.0.3\HikariCP-4.0.3.jar;D:\java-coach\local-mvn-repository\org\springframework\spring-jdbc\5.3.24\spring-jdbc-5.3.24.jar;D:\java-coach\local-mvn-repository\jakarta\transaction\jakarta.transaction-api\1.3.3\jakarta.transaction-api-1.3.3.jar;D:\java-coach\local-mvn-repository\jakarta\persistence\jakarta.persistence-api\2.2.3\jakarta.persistence-api-2.2.3.jar;D:\java-coach\local-mvn-repository\org\hibernate\hibernate-core\5.6.14.Final\hibernate-core-5.6.14.Final.jar;D:\java-coach\local-mvn-repository\org\jboss\logging\jboss-logging\3.4.3.Final\jboss-logging-3.4.3.Final.jar;D:\java-coach\local-mvn-repository\net\bytebuddy\byte-buddy\1.12.20\byte-buddy-1.12.20.jar;D:\java-coach\local-mvn-repository\antlr\antlr\2.7.7\antlr-2.7.7.jar;D:\java-coach\local-mvn-repository\org\jboss\jandex\2.4.2.Final\jandex-2.4.2.Final.jar;D:\java-coach\local-mvn-repository\com\fasterxml\classmate\1.5.1\classmate-1.5.1.jar;D:\java-coach\local-mvn-repository\org\hibernate\common\hibernate-commons-annotations\5.1.2.Final\hibernate-commons-annotations-5.1.2.Final.jar;D:\java-coach\local-mvn-repository\org\glassfish\jaxb\jaxb-runtime\2.3.7\jaxb-runtime-2.3.7.jar;D:\java-coach\local-mvn-repository\org\glassfish\jaxb\txw2\2.3.7\txw2-2.3.7.jar;D:\java-coach\local-mvn-repository\com\sun\istack\istack-commons-runtime\3.0.12\istack-commons-runtime-3.0.12.jar;D:\java-coach\local-mvn-repository\com\sun\activation\jakarta.activation\1.2.2\jakarta.activation-1.2.2.jar;D:\java-coach\local-mvn-repository\org\springframework\data\spring-data-jpa\2.7.6\spring-data-jpa-2.7.6.jar;D:\java-coach\local-mvn-repository\org\springframework\data\spring-data-commons\2.7.6\spring-data-commons-2.7.6.jar;D:\java-coach\local-mvn-repository\org\springframework\spring-orm\5.3.24\spring-orm-5.3.24.jar;D:\java-coach\local-mvn-repository\org\springframework\spring-context\5.3.24\spring-context-5.3.24.jar;D:\java-coach\local-mvn-repository\org\springframework\spring-tx\5.3.24\spring-tx-5.3.24.jar;D:\java-coach\local-mvn-repository\org\slf4j\slf4j-api\1.7.36\slf4j-api-1.7.36.jar;D:\java-coach\local-mvn-repository\org\springframework\spring-aspects\5.3.24\spring-aspects-5.3.24.jar;D:\java-coach\local-mvn-repository\org\springframework\boot\spring-boot-starter-validation\2.7.7\spring-boot-starter-validation-2.7.7.jar;D:\java-coach\local-mvn-repository\org\springframework\boot\spring-boot-starter\2.7.7\spring-boot-starter-2.7.7.jar;D:\java-coach\local-mvn-repository\org\springframework\boot\spring-boot\2.7.7\spring-boot-2.7.7.jar;D:\java-coach\local-mvn-repository\org\springframework\boot\spring-boot-autoconfigure\2.7.7\spring-boot-autoconfigure-2.7.7.jar;D:\java-coach\local-mvn-repository\org\springframework\boot\spring-boot-starter-logging\2.7.7\spring-boot-starter-logging-2.7.7.jar;D:\java-coach\local-mvn-repository\ch\qos\logback\logback-classic\1.2.11\logback-classic-1.2.11.jar;D:\java-coach\local-mvn-repository\ch\qos\logback\logback-core\1.2.11\logback-core-1.2.11.jar;D:\java-coach\local-mvn-repository\org\apache\logging\log4j\log4j-to-slf4j\2.17.2\log4j-to-slf4j-2.17.2.jar;D:\java-coach\local-mvn-repository\org\apache\logging\log4j\log4j-api\2.17.2\log4j-api-2.17.2.jar;D:\java-coach\local-mvn-repository\org\slf4j\jul-to-slf4j\1.7.36\jul-to-slf4j-1.7.36.jar;D:\java-coach\local-mvn-repository\jakarta\annotation\jakarta.annotation-api\1.3.5\jakarta.annotation-api-1.3.5.jar;D:\java-coach\local-mvn-repository\org\yaml\snakeyaml\1.30\snakeyaml-1.30.jar;D:\java-coach\local-mvn-repository\org\apache\tomcat\embed\tomcat-embed-el\9.0.70\tomcat-embed-el-9.0.70.jar;D:\java-coach\local-mvn-repository\org\hibernate\validator\hibernate-validator\6.2.5.Final\hibernate-validator-6.2.5.Final.jar;D:\java-coach\local-mvn-repository\jakarta\validation\jakarta.validation-api\2.0.2\jakarta.validation-api-2.0.2.jar;D:\java-coach\local-mvn-repository\org\springframework\boot\spring-boot-starter-web\2.7.7\spring-boot-starter-web-2.7.7.jar;D:\java-coach\local-mvn-repository\org\springframework\boot\spring-boot-starter-json\2.7.7\spring-boot-starter-json-2.7.7.jar;D:\java-coach\local-mvn-repository\com\fasterxml\jackson\datatype\jackson-datatype-jdk8\2.13.4\jackson-datatype-jdk8-2.13.4.jar;D:\java-coach\local-mvn-repository\com\fasterxml\jackson\datatype\jackson-datatype-jsr310\2.13.4\jackson-datatype-jsr310-2.13.4.jar;D:\java-coach\local-mvn-repository\com\fasterxml\jackson\module\jackson-module-parameter-names\2.13.4\jackson-module-parameter-names-2.13.4.jar;D:\java-coach\local-mvn-repository\org\springframework\boot\spring-boot-starter-tomcat\2.7.7\spring-boot-starter-tomcat-2.7.7.jar;D:\java-coach\local-mvn-repository\org\apache\tomcat\embed\tomcat-embed-core\9.0.70\tomcat-embed-core-9.0.70.jar;D:\java-coach\local-mvn-repository\org\apache\tomcat\embed\tomcat-embed-websocket\9.0.70\tomcat-embed-websocket-9.0.70.jar;D:\java-coach\local-mvn-repository\org\springframework\spring-webmvc\5.3.24\spring-webmvc-5.3.24.jar;D:\java-coach\local-mvn-repository\org\springframework\spring-expression\5.3.24\spring-expression-5.3.24.jar;D:\java-coach\local-mvn-repository\com\vladmihalcea\hibernate-types-52\2.12.0\hibernate-types-52-2.12.0.jar;D:\java-coach\local-mvn-repository\com\fasterxml\jackson\module\jackson-module-jaxb-annotations\2.13.4\jackson-module-jaxb-annotations-2.13.4.jar;D:\java-coach\local-mvn-repository\com\fasterxml\jackson\core\jackson-annotations\2.13.4\jackson-annotations-2.13.4.jar;D:\java-coach\local-mvn-repository\jakarta\activation\jakarta.activation-api\1.2.2\jakarta.activation-api-1.2.2.jar;D:\java-coach\local-mvn-repository\com\fasterxml\jackson\datatype\jackson-datatype-hibernate5\2.13.4\jackson-datatype-hibernate5-2.13.4.jar;D:\java-coach\local-mvn-repository\javax\transaction\javax.transaction-api\1.3\javax.transaction-api-1.3.jar;D:\java-coach\local-mvn-repository\com\fasterxml\jackson\core\jackson-core\2.13.4\jackson-core-2.13.4.jar;D:\java-coach\local-mvn-repository\com\fasterxml\jackson\core\jackson-databind\2.13.4.2\jackson-databind-2.13.4.2.jar;D:\java-coach\local-mvn-repository\org\postgresql\postgresql\42.3.8\postgresql-42.3.8.jar;D:\java-coach\local-mvn-repository\org\checkerframework\checker-qual\3.5.0\checker-qual-3.5.0.jar;D:\java-coach\local-mvn-repository\org\projectlombok\lombok\1.18.24\lombok-1.18.24.jar;D:\java-coach\local-mvn-repository\org\springframework\boot\spring-boot-starter-test\2.7.7\spring-boot-starter-test-2.7.7.jar;D:\java-coach\local-mvn-repository\org\springframework\boot\spring-boot-test\2.7.7\spring-boot-test-2.7.7.jar;D:\java-coach\local-mvn-repository\org\springframework\boot\spring-boot-test-autoconfigure\2.7.7\spring-boot-test-autoconfigure-2.7.7.jar;D:\java-coach\local-mvn-repository\com\jayway\jsonpath\json-path\2.7.0\json-path-2.7.0.jar;D:\java-coach\local-mvn-repository\net\minidev\json-smart\2.4.8\json-smart-2.4.8.jar;D:\java-coach\local-mvn-repository\net\minidev\accessors-smart\2.4.8\accessors-smart-2.4.8.jar;D:\java-coach\local-mvn-repository\org\ow2\asm\asm\9.1\asm-9.1.jar;D:\java-coach\local-mvn-repository\jakarta\xml\bind\jakarta.xml.bind-api\2.3.3\jakarta.xml.bind-api-2.3.3.jar;D:\java-coach\local-mvn-repository\org\assertj\assertj-core\3.22.0\assertj-core-3.22.0.jar;D:\java-coach\local-mvn-repository\org\hamcrest\hamcrest\2.2\hamcrest-2.2.jar;D:\java-coach\local-mvn-repository\org\junit\jupiter\junit-jupiter\5.8.2\junit-jupiter-5.8.2.jar;D:\java-coach\local-mvn-repository\org\junit\jupiter\junit-jupiter-api\5.8.2\junit-jupiter-api-5.8.2.jar;D:\java-coach\local-mvn-repository\org\opentest4j\opentest4j\1.2.0\opentest4j-1.2.0.jar;D:\java-coach\local-mvn-repository\org\junit\platform\junit-platform-commons\1.8.2\junit-platform-commons-1.8.2.jar;D:\java-coach\local-mvn-repository\org\apiguardian\apiguardian-api\1.1.2\apiguardian-api-1.1.2.jar;D:\java-coach\local-mvn-repository\org\junit\jupiter\junit-jupiter-params\5.8.2\junit-jupiter-params-5.8.2.jar;D:\java-coach\local-mvn-repository\org\junit\jupiter\junit-jupiter-engine\5.8.2\junit-jupiter-engine-5.8.2.jar;D:\java-coach\local-mvn-repository\org\junit\platform\junit-platform-engine\1.8.2\junit-platform-engine-1.8.2.jar;D:\java-coach\local-mvn-repository\org\mockito\mockito-core\4.5.1\mockito-core-4.5.1.jar;D:\java-coach\local-mvn-repository\net\bytebuddy\byte-buddy-agent\1.12.20\byte-buddy-agent-1.12.20.jar;D:\java-coach\local-mvn-repository\org\objenesis\objenesis\3.2\objenesis-3.2.jar;D:\java-coach\local-mvn-repository\org\mockito\mockito-junit-jupiter\4.5.1\mockito-junit-jupiter-4.5.1.jar;D:\java-coach\local-mvn-repository\org\skyscreamer\jsonassert\1.5.1\jsonassert-1.5.1.jar;D:\java-coach\local-mvn-repository\com\vaadin\external\google\android-json\0.0.20131108.vaadin1\android-json-0.0.20131108.vaadin1.jar;D:\java-coach\local-mvn-repository\org\springframework\spring-core\5.3.24\spring-core-5.3.24.jar;D:\java-coach\local-mvn-repository\org\springframework\spring-jcl\5.3.24\spring-jcl-5.3.24.jar;D:\java-coach\local-mvn-repository\org\springframework\spring-test\5.3.24\spring-test-5.3.24.jar;D:\java-coach\local-mvn-repository\org\xmlunit\xmlunit-core\2.9.0\xmlunit-core-2.9.0.jar;D:\java-coach\local-mvn-repository\org\springframework\spring-web\5.3.14\spring-web-5.3.14.jar;D:\java-coach\local-mvn-repository\org\springframework\spring-beans\5.3.24\spring-beans-5.3.24.jar;D:\java-coach\local-mvn-repository\org\springframework\boot\spring-boot-starter-security\2.7.7\spring-boot-starter-security-2.7.7.jar;D:\java-coach\local-mvn-repository\org\springframework\spring-aop\5.3.24\spring-aop-5.3.24.jar;D:\java-coach\local-mvn-repository\org\springframework\security\spring-security-config\5.7.6\spring-security-config-5.7.6.jar;D:\java-coach\local-mvn-repository\org\springframework\security\spring-security-web\5.7.6\spring-security-web-5.7.6.jar;D:\java-coach\local-mvn-repository\org\springframework\security\spring-security-test\5.7.6\spring-security-test-5.7.6.jar;D:\java-coach\local-mvn-repository\org\springframework\security\spring-security-core\5.7.6\spring-security-core-5.7.6.jar;D:\java-coach\local-mvn-repository\org\springframework\security\spring-security-crypto\5.7.6\spring-security-crypto-5.7.6.jar;D:\java-coach\local-mvn-repository\io\jsonwebtoken\jjwt-api\0.11.2\jjwt-api-0.11.2.jar;D:\java-coach\local-mvn-repository\io\jsonwebtoken\jjwt-impl\0.11.2\jjwt-impl-0.11.2.jar;D:\java-coach\local-mvn-repository\io\jsonwebtoken\jjwt-jackson\0.11.2\jjwt-jackson-0.11.2.jar;"/>
    <property name="java.vm.vendor" value="Oracle Corporation"/>
    <property name="sun.arch.data.model" value="64"/>
    <property name="user.variant" value=""/>
    <property name="java.vendor.url" value="https://java.oracle.com/"/>
    <property name="user.timezone" value="Europe/Dublin"/>
    <property name="os.name" value="Windows 11"/>
    <property name="java.vm.specification.version" value="18"/>
    <property name="sun.java.launcher" value="SUN_STANDARD"/>
    <property name="user.country" value="CN"/>
    <property name="sun.boot.library.path" value="D:\Java\jdk-18.0.1.1\bin"/>
    <property name="sun.java.command" value="C:\Users\WANGCH~1\AppData\Local\Temp\surefire13014911231602764111\surefirebooter2547663042532075256.jar C:\Users\Wang Chonghuan\AppData\Local\Temp\surefire13014911231602764111 2023-04-09T14-00-45_712-jvmRun1 surefire4594549593504969817tmp surefire_01752847623480212302tmp"/>
    <property name="jdk.debug" value="release"/>
    <property name="surefire.test.class.path" value="C:\0dev\final\kidsgpt-proj\maivc\target\test-classes;C:\0dev\final\kidsgpt-proj\maivc\target\classes;D:\java-coach\local-mvn-repository\org\springframework\boot\spring-boot-starter-data-jpa\2.7.7\spring-boot-starter-data-jpa-2.7.7.jar;D:\java-coach\local-mvn-repository\org\springframework\boot\spring-boot-starter-aop\2.7.7\spring-boot-starter-aop-2.7.7.jar;D:\java-coach\local-mvn-repository\org\aspectj\aspectjweaver\1.9.7\aspectjweaver-1.9.7.jar;D:\java-coach\local-mvn-repository\org\springframework\boot\spring-boot-starter-jdbc\2.7.7\spring-boot-starter-jdbc-2.7.7.jar;D:\java-coach\local-mvn-repository\com\zaxxer\HikariCP\4.0.3\HikariCP-4.0.3.jar;D:\java-coach\local-mvn-repository\org\springframework\spring-jdbc\5.3.24\spring-jdbc-5.3.24.jar;D:\java-coach\local-mvn-repository\jakarta\transaction\jakarta.transaction-api\1.3.3\jakarta.transaction-api-1.3.3.jar;D:\java-coach\local-mvn-repository\jakarta\persistence\jakarta.persistence-api\2.2.3\jakarta.persistence-api-2.2.3.jar;D:\java-coach\local-mvn-repository\org\hibernate\hibernate-core\5.6.14.Final\hibernate-core-5.6.14.Final.jar;D:\java-coach\local-mvn-repository\org\jboss\logging\jboss-logging\3.4.3.Final\jboss-logging-3.4.3.Final.jar;D:\java-coach\local-mvn-repository\net\bytebuddy\byte-buddy\1.12.20\byte-buddy-1.12.20.jar;D:\java-coach\local-mvn-repository\antlr\antlr\2.7.7\antlr-2.7.7.jar;D:\java-coach\local-mvn-repository\org\jboss\jandex\2.4.2.Final\jandex-2.4.2.Final.jar;D:\java-coach\local-mvn-repository\com\fasterxml\classmate\1.5.1\classmate-1.5.1.jar;D:\java-coach\local-mvn-repository\org\hibernate\common\hibernate-commons-annotations\5.1.2.Final\hibernate-commons-annotations-5.1.2.Final.jar;D:\java-coach\local-mvn-repository\org\glassfish\jaxb\jaxb-runtime\2.3.7\jaxb-runtime-2.3.7.jar;D:\java-coach\local-mvn-repository\org\glassfish\jaxb\txw2\2.3.7\txw2-2.3.7.jar;D:\java-coach\local-mvn-repository\com\sun\istack\istack-commons-runtime\3.0.12\istack-commons-runtime-3.0.12.jar;D:\java-coach\local-mvn-repository\com\sun\activation\jakarta.activation\1.2.2\jakarta.activation-1.2.2.jar;D:\java-coach\local-mvn-repository\org\springframework\data\spring-data-jpa\2.7.6\spring-data-jpa-2.7.6.jar;D:\java-coach\local-mvn-repository\org\springframework\data\spring-data-commons\2.7.6\spring-data-commons-2.7.6.jar;D:\java-coach\local-mvn-repository\org\springframework\spring-orm\5.3.24\spring-orm-5.3.24.jar;D:\java-coach\local-mvn-repository\org\springframework\spring-context\5.3.24\spring-context-5.3.24.jar;D:\java-coach\local-mvn-repository\org\springframework\spring-tx\5.3.24\spring-tx-5.3.24.jar;D:\java-coach\local-mvn-repository\org\slf4j\slf4j-api\1.7.36\slf4j-api-1.7.36.jar;D:\java-coach\local-mvn-repository\org\springframework\spring-aspects\5.3.24\spring-aspects-5.3.24.jar;D:\java-coach\local-mvn-repository\org\springframework\boot\spring-boot-starter-validation\2.7.7\spring-boot-starter-validation-2.7.7.jar;D:\java-coach\local-mvn-repository\org\springframework\boot\spring-boot-starter\2.7.7\spring-boot-starter-2.7.7.jar;D:\java-coach\local-mvn-repository\org\springframework\boot\spring-boot\2.7.7\spring-boot-2.7.7.jar;D:\java-coach\local-mvn-repository\org\springframework\boot\spring-boot-autoconfigure\2.7.7\spring-boot-autoconfigure-2.7.7.jar;D:\java-coach\local-mvn-repository\org\springframework\boot\spring-boot-starter-logging\2.7.7\spring-boot-starter-logging-2.7.7.jar;D:\java-coach\local-mvn-repository\ch\qos\logback\logback-classic\1.2.11\logback-classic-1.2.11.jar;D:\java-coach\local-mvn-repository\ch\qos\logback\logback-core\1.2.11\logback-core-1.2.11.jar;D:\java-coach\local-mvn-repository\org\apache\logging\log4j\log4j-to-slf4j\2.17.2\log4j-to-slf4j-2.17.2.jar;D:\java-coach\local-mvn-repository\org\apache\logging\log4j\log4j-api\2.17.2\log4j-api-2.17.2.jar;D:\java-coach\local-mvn-repository\org\slf4j\jul-to-slf4j\1.7.36\jul-to-slf4j-1.7.36.jar;D:\java-coach\local-mvn-repository\jakarta\annotation\jakarta.annotation-api\1.3.5\jakarta.annotation-api-1.3.5.jar;D:\java-coach\local-mvn-repository\org\yaml\snakeyaml\1.30\snakeyaml-1.30.jar;D:\java-coach\local-mvn-repository\org\apache\tomcat\embed\tomcat-embed-el\9.0.70\tomcat-embed-el-9.0.70.jar;D:\java-coach\local-mvn-repository\org\hibernate\validator\hibernate-validator\6.2.5.Final\hibernate-validator-6.2.5.Final.jar;D:\java-coach\local-mvn-repository\jakarta\validation\jakarta.validation-api\2.0.2\jakarta.validation-api-2.0.2.jar;D:\java-coach\local-mvn-repository\org\springframework\boot\spring-boot-starter-web\2.7.7\spring-boot-starter-web-2.7.7.jar;D:\java-coach\local-mvn-repository\org\springframework\boot\spring-boot-starter-json\2.7.7\spring-boot-starter-json-2.7.7.jar;D:\java-coach\local-mvn-repository\com\fasterxml\jackson\datatype\jackson-datatype-jdk8\2.13.4\jackson-datatype-jdk8-2.13.4.jar;D:\java-coach\local-mvn-repository\com\fasterxml\jackson\datatype\jackson-datatype-jsr310\2.13.4\jackson-datatype-jsr310-2.13.4.jar;D:\java-coach\local-mvn-repository\com\fasterxml\jackson\module\jackson-module-parameter-names\2.13.4\jackson-module-parameter-names-2.13.4.jar;D:\java-coach\local-mvn-repository\org\springframework\boot\spring-boot-starter-tomcat\2.7.7\spring-boot-starter-tomcat-2.7.7.jar;D:\java-coach\local-mvn-repository\org\apache\tomcat\embed\tomcat-embed-core\9.0.70\tomcat-embed-core-9.0.70.jar;D:\java-coach\local-mvn-repository\org\apache\tomcat\embed\tomcat-embed-websocket\9.0.70\tomcat-embed-websocket-9.0.70.jar;D:\java-coach\local-mvn-repository\org\springframework\spring-webmvc\5.3.24\spring-webmvc-5.3.24.jar;D:\java-coach\local-mvn-repository\org\springframework\spring-expression\5.3.24\spring-expression-5.3.24.jar;D:\java-coach\local-mvn-repository\com\vladmihalcea\hibernate-types-52\2.12.0\hibernate-types-52-2.12.0.jar;D:\java-coach\local-mvn-repository\com\fasterxml\jackson\module\jackson-module-jaxb-annotations\2.13.4\jackson-module-jaxb-annotations-2.13.4.jar;D:\java-coach\local-mvn-repository\com\fasterxml\jackson\core\jackson-annotations\2.13.4\jackson-annotations-2.13.4.jar;D:\java-coach\local-mvn-repository\jakarta\activation\jakarta.activation-api\1.2.2\jakarta.activation-api-1.2.2.jar;D:\java-coach\local-mvn-repository\com\fasterxml\jackson\datatype\jackson-datatype-hibernate5\2.13.4\jackson-datatype-hibernate5-2.13.4.jar;D:\java-coach\local-mvn-repository\javax\transaction\javax.transaction-api\1.3\javax.transaction-api-1.3.jar;D:\java-coach\local-mvn-repository\com\fasterxml\jackson\core\jackson-core\2.13.4\jackson-core-2.13.4.jar;D:\java-coach\local-mvn-repository\com\fasterxml\jackson\core\jackson-databind\2.13.4.2\jackson-databind-2.13.4.2.jar;D:\java-coach\local-mvn-repository\org\postgresql\postgresql\42.3.8\postgresql-42.3.8.jar;D:\java-coach\local-mvn-repository\org\checkerframework\checker-qual\3.5.0\checker-qual-3.5.0.jar;D:\java-coach\local-mvn-repository\org\projectlombok\lombok\1.18.24\lombok-1.18.24.jar;D:\java-coach\local-mvn-repository\org\springframework\boot\spring-boot-starter-test\2.7.7\spring-boot-starter-test-2.7.7.jar;D:\java-coach\local-mvn-repository\org\springframework\boot\spring-boot-test\2.7.7\spring-boot-test-2.7.7.jar;D:\java-coach\local-mvn-repository\org\springframework\boot\spring-boot-test-autoconfigure\2.7.7\spring-boot-test-autoconfigure-2.7.7.jar;D:\java-coach\local-mvn-repository\com\jayway\jsonpath\json-path\2.7.0\json-path-2.7.0.jar;D:\java-coach\local-mvn-repository\net\minidev\json-smart\2.4.8\json-smart-2.4.8.jar;D:\java-coach\local-mvn-repository\net\minidev\accessors-smart\2.4.8\accessors-smart-2.4.8.jar;D:\java-coach\local-mvn-repository\org\ow2\asm\asm\9.1\asm-9.1.jar;D:\java-coach\local-mvn-repository\jakarta\xml\bind\jakarta.xml.bind-api\2.3.3\jakarta.xml.bind-api-2.3.3.jar;D:\java-coach\local-mvn-repository\org\assertj\assertj-core\3.22.0\assertj-core-3.22.0.jar;D:\java-coach\local-mvn-repository\org\hamcrest\hamcrest\2.2\hamcrest-2.2.jar;D:\java-coach\local-mvn-repository\org\junit\jupiter\junit-jupiter\5.8.2\junit-jupiter-5.8.2.jar;D:\java-coach\local-mvn-repository\org\junit\jupiter\junit-jupiter-api\5.8.2\junit-jupiter-api-5.8.2.jar;D:\java-coach\local-mvn-repository\org\opentest4j\opentest4j\1.2.0\opentest4j-1.2.0.jar;D:\java-coach\local-mvn-repository\org\junit\platform\junit-platform-commons\1.8.2\junit-platform-commons-1.8.2.jar;D:\java-coach\local-mvn-repository\org\apiguardian\apiguardian-api\1.1.2\apiguardian-api-1.1.2.jar;D:\java-coach\local-mvn-repository\org\junit\jupiter\junit-jupiter-params\5.8.2\junit-jupiter-params-5.8.2.jar;D:\java-coach\local-mvn-repository\org\junit\jupiter\junit-jupiter-engine\5.8.2\junit-jupiter-engine-5.8.2.jar;D:\java-coach\local-mvn-repository\org\junit\platform\junit-platform-engine\1.8.2\junit-platform-engine-1.8.2.jar;D:\java-coach\local-mvn-repository\org\mockito\mockito-core\4.5.1\mockito-core-4.5.1.jar;D:\java-coach\local-mvn-repository\net\bytebuddy\byte-buddy-agent\1.12.20\byte-buddy-agent-1.12.20.jar;D:\java-coach\local-mvn-repository\org\objenesis\objenesis\3.2\objenesis-3.2.jar;D:\java-coach\local-mvn-repository\org\mockito\mockito-junit-jupiter\4.5.1\mockito-junit-jupiter-4.5.1.jar;D:\java-coach\local-mvn-repository\org\skyscreamer\jsonassert\1.5.1\jsonassert-1.5.1.jar;D:\java-coach\local-mvn-repository\com\vaadin\external\google\android-json\0.0.20131108.vaadin1\android-json-0.0.20131108.vaadin1.jar;D:\java-coach\local-mvn-repository\org\springframework\spring-core\5.3.24\spring-core-5.3.24.jar;D:\java-coach\local-mvn-repository\org\springframework\spring-jcl\5.3.24\spring-jcl-5.3.24.jar;D:\java-coach\local-mvn-repository\org\springframework\spring-test\5.3.24\spring-test-5.3.24.jar;D:\java-coach\local-mvn-repository\org\xmlunit\xmlunit-core\2.9.0\xmlunit-core-2.9.0.jar;D:\java-coach\local-mvn-repository\org\springframework\spring-web\5.3.14\spring-web-5.3.14.jar;D:\java-coach\local-mvn-repository\org\springframework\spring-beans\5.3.24\spring-beans-5.3.24.jar;D:\java-coach\local-mvn-repository\org\springframework\boot\spring-boot-starter-security\2.7.7\spring-boot-starter-security-2.7.7.jar;D:\java-coach\local-mvn-repository\org\springframework\spring-aop\5.3.24\spring-aop-5.3.24.jar;D:\java-coach\local-mvn-repository\org\springframework\security\spring-security-config\5.7.6\spring-security-config-5.7.6.jar;D:\java-coach\local-mvn-repository\org\springframework\security\spring-security-web\5.7.6\spring-security-web-5.7.6.jar;D:\java-coach\local-mvn-repository\org\springframework\security\spring-security-test\5.7.6\spring-security-test-5.7.6.jar;D:\java-coach\local-mvn-repository\org\springframework\security\spring-security-core\5.7.6\spring-security-core-5.7.6.jar;D:\java-coach\local-mvn-repository\org\springframework\security\spring-security-crypto\5.7.6\spring-security-crypto-5.7.6.jar;D:\java-coach\local-mvn-repository\io\jsonwebtoken\jjwt-api\0.11.2\jjwt-api-0.11.2.jar;D:\java-coach\local-mvn-repository\io\jsonwebtoken\jjwt-impl\0.11.2\jjwt-impl-0.11.2.jar;D:\java-coach\local-mvn-repository\io\jsonwebtoken\jjwt-jackson\0.11.2\jjwt-jackson-0.11.2.jar;"/>
    <property name="sun.cpu.endian" value="little"/>
    <property name="user.home" value="C:\Users\Wang Chonghuan"/>
    <property name="user.language" value="zh"/>
    <property name="java.specification.vendor" value="Oracle Corporation"/>
    <property name="java.version.date" value="2022-04-22"/>
    <property name="java.home" value="D:\Java\jdk-18.0.1.1"/>
    <property name="file.separator" value="\"/>
    <property name="basedir" value="C:\0dev\final\kidsgpt-proj\maivc"/>
    <property name="java.vm.compressedOopsMode" value="Zero based"/>
    <property name="line.separator" value="&#10;"/>
    <property name="java.vm.specification.vendor" value="Oracle Corporation"/>
    <property name="java.specification.name" value="Java Platform API Specification"/>
    <property name="surefire.real.class.path" value="C:\Users\WANGCH~1\AppData\Local\Temp\surefire13014911231602764111\surefirebooter2547663042532075256.jar"/>
    <property name="user.script" value=""/>
    <property name="sun.management.compiler" value="HotSpot 64-Bit Tiered Compilers"/>
    <property name="java.runtime.version" value="18.0.1.1+2-6"/>
    <property name="user.name" value="Wang Chonghuan"/>
    <property name="path.separator" value=";"/>
    <property name="os.version" value="10.0"/>
    <property name="java.runtime.name" value="Java(TM) SE Runtime Environment"/>
    <property name="file.encoding" value="UTF-8"/>
    <property name="java.vm.name" value="Java HotSpot(TM) 64-Bit Server VM"/>
    <property name="localRepository" value="D:\java-coach\local-mvn-repository"/>
    <property name="java.vendor.url.bug" value="https://bugreport.java.com/bugreport/"/>
    <property name="java.io.tmpdir" value="C:\Users\WANGCH~1\AppData\Local\Temp\"/>
    <property name="java.version" value="18.0.1.1"/>
    <property name="user.dir" value="C:\0dev\final\kidsgpt-proj\maivc"/>
    <property name="os.arch" value="amd64"/>
    <property name="java.vm.specification.name" value="Java Virtual Machine Specification"/>
    <property name="sun.os.patch.level" value=""/>
    <property name="native.encoding" value="GBK"/>
    <property name="java.library.path" value="D:\Java\jdk-18.0.1.1\bin;C:\WINDOWS\Sun\Java\bin;C:\WINDOWS\system32;C:\WINDOWS;C:\Program Files (x86)\Microsoft SDKs\Azure\CLI2\wbin;C:\Python311\Scripts\;C:\Python311\;C:\Program Files\Common Files\Oracle\Java\javapath;C:\Windows\system32;C:\Windows;C:\Windows\System32\Wbem;C:\Windows\System32\WindowsPowerShell\v1.0\;C:\Windows\System32\OpenSSH\;C:\Program Files (x86)\NVIDIA Corporation\PhysX\Common;C:\Program Files\NVIDIA Corporation\NVIDIA NvDLISR;D:\java-coach\apache-maven-3.6.3\BIN;D:\java-coach\Git\cmd;D:\learn-go\Go\bin;D:\Java\jdk-18.0.1.1\bin;C:\ProgramData\chocolatey\bin;C:\Program Files\IDM Computer Solutions\UltraEdit;D:\aws\Amazon\AWSCLIV2\;C:\WINDOWS\system32;C:\WINDOWS;C:\WINDOWS\System32\Wbem;C:\WINDOWS\System32\WindowsPowerShell\v1.0\;C:\WINDOWS\System32\OpenSSH\;c:\0dev\nvm;C:\0dev\nodejs;C:\Users\Wang Chonghuan\AppData\Local\Microsoft\WindowsApps;D:\Java\IntelliJ IDEA Educational Edition 2022.1.1\bin;D:\Java\IntelliJ IDEA 2022.2.3\bin;D:\java-coach\Microsoft VS Code\bin;C:\Users\Wang Chonghuan\go\bin;D:\Java\jdk-18.0.1.1\bin;D:\go\GoLand 2022.2.4\bin;D:\javascript;C:\Program Files\JetBrains\WebStorm 2022.2.3\bin;C:\Users\Wang Chonghuan\AppData\Local\Microsoft\WindowsApps;c:\0dev\nvm;C:\0dev\nodejs;."/>
    <property name="java.vm.info" value="mixed mode, sharing"/>
    <property name="java.vendor" value="Oracle Corporation"/>
    <property name="java.vm.version" value="18.0.1.1+2-6"/>
    <property name="sun.io.unicode.encoding" value="UnicodeLittle"/>
    <property name="java.class.version" value="62.0"/>
  </properties>
  <testcase name="contextLoads" classname="com.waltwang.maivc.MaivcApplicationTests" time="0.132"/>
  <testcase name="apikeyToBase64" classname="com.waltwang.maivc.MaivcApplicationTests" time="0.002"/>
  <testcase name="jwtKeyGenerator" classname="com.waltwang.maivc.MaivcApplicationTests" time="0.003"/>
</testsuite>